{"C:\\Users\\moham\\CarbFoot\\CarbFoot\\src\\utils\\validation.ts": {"path":"C:\\Users\\moham\\CarbFoot\\CarbFoot\\src\\utils\\validation.ts","all":false,"statementMap":{"0":{"start":{"line":1,"column":0},"end":{"line":1,"column":3}},"1":{"start":{"line":2,"column":0},"end":{"line":2,"column":48}},"2":{"start":{"line":3,"column":0},"end":{"line":3,"column":60}},"3":{"start":{"line":4,"column":0},"end":{"line":4,"column":3}},"4":{"start":{"line":5,"column":0},"end":{"line":5,"column":0}},"5":{"start":{"line":6,"column":0},"end":{"line":6,"column":13}},"6":{"start":{"line":7,"column":0},"end":{"line":7,"column":17}},"7":{"start":{"line":8,"column":0},"end":{"line":8,"column":21}},"8":{"start":{"line":9,"column":0},"end":{"line":9,"column":13}},"9":{"start":{"line":10,"column":0},"end":{"line":10,"column":11}},"10":{"start":{"line":11,"column":0},"end":{"line":11,"column":15}},"11":{"start":{"line":12,"column":0},"end":{"line":12,"column":12}},"12":{"start":{"line":13,"column":0},"end":{"line":13,"column":17}},"13":{"start":{"line":14,"column":0},"end":{"line":14,"column":0}},"14":{"start":{"line":15,"column":0},"end":{"line":15,"column":65}},"15":{"start":{"line":16,"column":0},"end":{"line":16,"column":0}},"16":{"start":{"line":17,"column":0},"end":{"line":17,"column":96}},"17":{"start":{"line":18,"column":0},"end":{"line":18,"column":61}},"18":{"start":{"line":19,"column":0},"end":{"line":19,"column":26}},"19":{"start":{"line":20,"column":0},"end":{"line":20,"column":48}},"20":{"start":{"line":21,"column":0},"end":{"line":21,"column":41}},"21":{"start":{"line":22,"column":0},"end":{"line":22,"column":1}},"22":{"start":{"line":23,"column":0},"end":{"line":23,"column":0}},"23":{"start":{"line":24,"column":0},"end":{"line":24,"column":0}},"24":{"start":{"line":25,"column":0},"end":{"line":25,"column":92}},"25":{"start":{"line":26,"column":0},"end":{"line":26,"column":54}},"26":{"start":{"line":27,"column":0},"end":{"line":27,"column":18}},"27":{"start":{"line":28,"column":0},"end":{"line":28,"column":1}},"28":{"start":{"line":29,"column":0},"end":{"line":29,"column":0}},"29":{"start":{"line":30,"column":0},"end":{"line":30,"column":65}},"30":{"start":{"line":31,"column":0},"end":{"line":31,"column":0}},"31":{"start":{"line":32,"column":0},"end":{"line":32,"column":95}},"32":{"start":{"line":33,"column":0},"end":{"line":33,"column":10}},"33":{"start":{"line":34,"column":0},"end":{"line":34,"column":66}},"34":{"start":{"line":35,"column":0},"end":{"line":35,"column":28}},"35":{"start":{"line":36,"column":0},"end":{"line":36,"column":23}},"36":{"start":{"line":37,"column":0},"end":{"line":37,"column":76}},"37":{"start":{"line":38,"column":0},"end":{"line":38,"column":18}},"38":{"start":{"line":39,"column":0},"end":{"line":39,"column":6}},"39":{"start":{"line":40,"column":0},"end":{"line":40,"column":25}},"40":{"start":{"line":41,"column":0},"end":{"line":41,"column":20}},"41":{"start":{"line":42,"column":0},"end":{"line":42,"column":57}},"42":{"start":{"line":43,"column":0},"end":{"line":43,"column":14}},"43":{"start":{"line":44,"column":0},"end":{"line":44,"column":6}},"44":{"start":{"line":45,"column":0},"end":{"line":45,"column":71}},"45":{"start":{"line":46,"column":0},"end":{"line":46,"column":73}},"46":{"start":{"line":47,"column":0},"end":{"line":47,"column":70}},"47":{"start":{"line":48,"column":0},"end":{"line":48,"column":4}},"48":{"start":{"line":49,"column":0},"end":{"line":49,"column":1}},"49":{"start":{"line":50,"column":0},"end":{"line":50,"column":0}},"50":{"start":{"line":51,"column":0},"end":{"line":51,"column":65}},"51":{"start":{"line":52,"column":0},"end":{"line":52,"column":0}},"52":{"start":{"line":53,"column":0},"end":{"line":53,"column":71}},"53":{"start":{"line":54,"column":0},"end":{"line":54,"column":10}},"54":{"start":{"line":55,"column":0},"end":{"line":55,"column":80}},"55":{"start":{"line":56,"column":0},"end":{"line":56,"column":73}},"56":{"start":{"line":57,"column":0},"end":{"line":57,"column":60}},"57":{"start":{"line":58,"column":0},"end":{"line":58,"column":47}},"58":{"start":{"line":59,"column":0},"end":{"line":59,"column":75}},"59":{"start":{"line":60,"column":0},"end":{"line":60,"column":4}},"60":{"start":{"line":61,"column":0},"end":{"line":61,"column":1}},"61":{"start":{"line":62,"column":0},"end":{"line":62,"column":0}},"62":{"start":{"line":63,"column":0},"end":{"line":63,"column":65}},"63":{"start":{"line":64,"column":0},"end":{"line":64,"column":0}},"64":{"start":{"line":65,"column":0},"end":{"line":65,"column":65}},"65":{"start":{"line":66,"column":0},"end":{"line":66,"column":10}},"66":{"start":{"line":67,"column":0},"end":{"line":67,"column":25}},"67":{"start":{"line":68,"column":0},"end":{"line":68,"column":20}},"68":{"start":{"line":69,"column":0},"end":{"line":69,"column":86}},"69":{"start":{"line":70,"column":0},"end":{"line":70,"column":16}},"70":{"start":{"line":71,"column":0},"end":{"line":71,"column":6}},"71":{"start":{"line":72,"column":0},"end":{"line":72,"column":66}},"72":{"start":{"line":73,"column":0},"end":{"line":73,"column":97}},"73":{"start":{"line":74,"column":0},"end":{"line":74,"column":74}},"74":{"start":{"line":75,"column":0},"end":{"line":75,"column":4}},"75":{"start":{"line":76,"column":0},"end":{"line":76,"column":1}},"76":{"start":{"line":77,"column":0},"end":{"line":77,"column":0}},"77":{"start":{"line":78,"column":0},"end":{"line":78,"column":65}},"78":{"start":{"line":79,"column":0},"end":{"line":79,"column":0}},"79":{"start":{"line":80,"column":0},"end":{"line":80,"column":77}},"80":{"start":{"line":81,"column":0},"end":{"line":81,"column":10}},"81":{"start":{"line":82,"column":0},"end":{"line":82,"column":75}},"82":{"start":{"line":83,"column":0},"end":{"line":83,"column":82}},"83":{"start":{"line":84,"column":0},"end":{"line":84,"column":70}},"84":{"start":{"line":85,"column":0},"end":{"line":85,"column":72}},"85":{"start":{"line":86,"column":0},"end":{"line":86,"column":4}},"86":{"start":{"line":87,"column":0},"end":{"line":87,"column":1}},"87":{"start":{"line":88,"column":0},"end":{"line":88,"column":0}},"88":{"start":{"line":89,"column":0},"end":{"line":89,"column":65}},"89":{"start":{"line":90,"column":0},"end":{"line":90,"column":0}},"90":{"start":{"line":91,"column":0},"end":{"line":91,"column":68}},"91":{"start":{"line":92,"column":0},"end":{"line":92,"column":10}},"92":{"start":{"line":93,"column":0},"end":{"line":93,"column":95}},"93":{"start":{"line":94,"column":0},"end":{"line":94,"column":41}},"94":{"start":{"line":95,"column":0},"end":{"line":95,"column":71}},"95":{"start":{"line":96,"column":0},"end":{"line":96,"column":38}},"96":{"start":{"line":97,"column":0},"end":{"line":97,"column":33}},"97":{"start":{"line":98,"column":0},"end":{"line":98,"column":45}},"98":{"start":{"line":99,"column":0},"end":{"line":99,"column":16}},"99":{"start":{"line":100,"column":0},"end":{"line":100,"column":6}},"100":{"start":{"line":101,"column":0},"end":{"line":101,"column":4}},"101":{"start":{"line":102,"column":0},"end":{"line":102,"column":1}},"102":{"start":{"line":103,"column":0},"end":{"line":103,"column":0}},"103":{"start":{"line":104,"column":0},"end":{"line":104,"column":65}},"104":{"start":{"line":105,"column":0},"end":{"line":105,"column":0}},"105":{"start":{"line":106,"column":0},"end":{"line":106,"column":78}},"106":{"start":{"line":107,"column":0},"end":{"line":107,"column":10}},"107":{"start":{"line":108,"column":0},"end":{"line":108,"column":64}},"108":{"start":{"line":109,"column":0},"end":{"line":109,"column":40}},"109":{"start":{"line":110,"column":0},"end":{"line":110,"column":34}},"110":{"start":{"line":111,"column":0},"end":{"line":111,"column":46}},"111":{"start":{"line":112,"column":0},"end":{"line":112,"column":37}},"112":{"start":{"line":113,"column":0},"end":{"line":113,"column":62}},"113":{"start":{"line":114,"column":0},"end":{"line":114,"column":4}},"114":{"start":{"line":115,"column":0},"end":{"line":115,"column":1}},"115":{"start":{"line":116,"column":0},"end":{"line":116,"column":0}},"116":{"start":{"line":117,"column":0},"end":{"line":117,"column":65}},"117":{"start":{"line":118,"column":0},"end":{"line":118,"column":0}},"118":{"start":{"line":119,"column":0},"end":{"line":119,"column":65}},"119":{"start":{"line":120,"column":0},"end":{"line":120,"column":0}},"120":{"start":{"line":121,"column":0},"end":{"line":121,"column":36}},"121":{"start":{"line":122,"column":0},"end":{"line":122,"column":16}},"122":{"start":{"line":123,"column":0},"end":{"line":123,"column":14}},"123":{"start":{"line":124,"column":0},"end":{"line":124,"column":14}},"124":{"start":{"line":125,"column":0},"end":{"line":125,"column":15}},"125":{"start":{"line":126,"column":0},"end":{"line":126,"column":27}},"126":{"start":{"line":127,"column":0},"end":{"line":127,"column":30}},"127":{"start":{"line":128,"column":0},"end":{"line":128,"column":89}},"128":{"start":{"line":129,"column":0},"end":{"line":129,"column":84}},"129":{"start":{"line":130,"column":0},"end":{"line":130,"column":83}},"130":{"start":{"line":131,"column":0},"end":{"line":131,"column":14}},"131":{"start":{"line":132,"column":0},"end":{"line":132,"column":1}}},"s":{"0":1,"1":1,"2":1,"3":1,"4":1,"5":1,"6":1,"7":1,"8":1,"9":1,"10":1,"11":1,"12":1,"13":1,"14":1,"15":1,"16":1,"17":80,"18":42,"19":80,"20":39,"21":39,"22":1,"23":1,"24":1,"25":33,"26":24,"27":24,"28":1,"29":1,"30":1,"31":1,"32":7,"33":7,"34":7,"35":7,"36":7,"37":7,"38":7,"39":7,"40":7,"41":7,"42":7,"43":7,"44":7,"45":7,"46":7,"47":7,"48":7,"49":1,"50":1,"51":1,"52":1,"53":5,"54":5,"55":5,"56":5,"57":5,"58":5,"59":5,"60":5,"61":1,"62":1,"63":1,"64":1,"65":4,"66":4,"67":4,"68":4,"69":4,"70":4,"71":4,"72":4,"73":4,"74":4,"75":4,"76":1,"77":1,"78":1,"79":1,"80":3,"81":3,"82":3,"83":3,"84":3,"85":3,"86":3,"87":1,"88":1,"89":1,"90":1,"91":4,"92":4,"93":4,"94":4,"95":4,"96":4,"97":4,"98":4,"99":4,"100":4,"101":4,"102":1,"103":1,"104":1,"105":1,"106":2,"107":2,"108":2,"109":2,"110":2,"111":2,"112":2,"113":2,"114":2,"115":1,"116":1,"117":1,"118":1,"119":1,"120":1,"121":5,"122":5,"123":5,"124":5,"125":5,"126":5,"127":5,"128":5,"129":5,"130":1,"131":1},"branchMap":{"0":{"type":"branch","line":17,"loc":{"start":{"line":17,"column":7},"end":{"line":22,"column":1}},"locations":[{"start":{"line":17,"column":7},"end":{"line":22,"column":1}}]},"1":{"type":"branch","line":18,"loc":{"start":{"line":18,"column":16},"end":{"line":18,"column":45}},"locations":[{"start":{"line":18,"column":16},"end":{"line":18,"column":45}}]},"2":{"type":"branch","line":18,"loc":{"start":{"line":18,"column":45},"end":{"line":18,"column":61}},"locations":[{"start":{"line":18,"column":45},"end":{"line":18,"column":61}}]},"3":{"type":"branch","line":18,"loc":{"start":{"line":18,"column":52},"end":{"line":20,"column":22}},"locations":[{"start":{"line":18,"column":52},"end":{"line":20,"column":22}}]},"4":{"type":"branch","line":20,"loc":{"start":{"line":20,"column":17},"end":{"line":20,"column":32}},"locations":[{"start":{"line":20,"column":17},"end":{"line":20,"column":32}}]},"5":{"type":"branch","line":20,"loc":{"start":{"line":20,"column":32},"end":{"line":20,"column":48}},"locations":[{"start":{"line":20,"column":32},"end":{"line":20,"column":48}}]},"6":{"type":"branch","line":20,"loc":{"start":{"line":20,"column":39},"end":{"line":22,"column":1}},"locations":[{"start":{"line":20,"column":39},"end":{"line":22,"column":1}}]},"7":{"type":"branch","line":25,"loc":{"start":{"line":25,"column":7},"end":{"line":28,"column":1}},"locations":[{"start":{"line":25,"column":7},"end":{"line":28,"column":1}}]},"8":{"type":"branch","line":26,"loc":{"start":{"line":26,"column":36},"end":{"line":26,"column":54}},"locations":[{"start":{"line":26,"column":36},"end":{"line":26,"column":54}}]},"9":{"type":"branch","line":26,"loc":{"start":{"line":26,"column":43},"end":{"line":28,"column":1}},"locations":[{"start":{"line":26,"column":43},"end":{"line":28,"column":1}}]},"10":{"type":"branch","line":32,"loc":{"start":{"line":32,"column":7},"end":{"line":49,"column":1}},"locations":[{"start":{"line":32,"column":7},"end":{"line":49,"column":1}}]},"11":{"type":"branch","line":53,"loc":{"start":{"line":53,"column":7},"end":{"line":61,"column":1}},"locations":[{"start":{"line":53,"column":7},"end":{"line":61,"column":1}}]},"12":{"type":"branch","line":65,"loc":{"start":{"line":65,"column":7},"end":{"line":76,"column":1}},"locations":[{"start":{"line":65,"column":7},"end":{"line":76,"column":1}}]},"13":{"type":"branch","line":80,"loc":{"start":{"line":80,"column":7},"end":{"line":87,"column":1}},"locations":[{"start":{"line":80,"column":7},"end":{"line":87,"column":1}}]},"14":{"type":"branch","line":91,"loc":{"start":{"line":91,"column":7},"end":{"line":102,"column":1}},"locations":[{"start":{"line":91,"column":7},"end":{"line":102,"column":1}}]},"15":{"type":"branch","line":106,"loc":{"start":{"line":106,"column":7},"end":{"line":115,"column":1}},"locations":[{"start":{"line":106,"column":7},"end":{"line":115,"column":1}}]},"16":{"type":"branch","line":113,"loc":{"start":{"line":113,"column":22},"end":{"line":113,"column":62}},"locations":[{"start":{"line":113,"column":22},"end":{"line":113,"column":62}}]},"17":{"type":"branch","line":121,"loc":{"start":{"line":121,"column":7},"end":{"line":132,"column":1}},"locations":[{"start":{"line":121,"column":7},"end":{"line":132,"column":1}}]},"18":{"type":"branch","line":128,"loc":{"start":{"line":128,"column":16},"end":{"line":128,"column":32}},"locations":[{"start":{"line":128,"column":16},"end":{"line":128,"column":32}}]},"19":{"type":"branch","line":128,"loc":{"start":{"line":128,"column":32},"end":{"line":128,"column":89}},"locations":[{"start":{"line":128,"column":32},"end":{"line":128,"column":89}}]},"20":{"type":"branch","line":128,"loc":{"start":{"line":128,"column":87},"end":{"line":129,"column":22}},"locations":[{"start":{"line":128,"column":87},"end":{"line":129,"column":22}}]},"21":{"type":"branch","line":129,"loc":{"start":{"line":129,"column":15},"end":{"line":129,"column":84}},"locations":[{"start":{"line":129,"column":15},"end":{"line":129,"column":84}}]},"22":{"type":"branch","line":129,"loc":{"start":{"line":129,"column":82},"end":{"line":130,"column":22}},"locations":[{"start":{"line":129,"column":82},"end":{"line":130,"column":22}}]},"23":{"type":"branch","line":130,"loc":{"start":{"line":130,"column":15},"end":{"line":132,"column":1}},"locations":[{"start":{"line":130,"column":15},"end":{"line":132,"column":1}}]}},"b":{"0":[80],"1":[79],"2":[38],"3":[42],"4":[39],"5":[3],"6":[39],"7":[33],"8":[9],"9":[24],"10":[7],"11":[5],"12":[4],"13":[3],"14":[4],"15":[2],"16":[0],"17":[5],"18":[4],"19":[2],"20":[3],"21":[1],"22":[2],"23":[1]},"fnMap":{"0":{"name":"safeNumber","decl":{"start":{"line":17,"column":7},"end":{"line":22,"column":1}},"loc":{"start":{"line":17,"column":7},"end":{"line":22,"column":1}},"line":17},"1":{"name":"safeString","decl":{"start":{"line":25,"column":7},"end":{"line":28,"column":1}},"loc":{"start":{"line":25,"column":7},"end":{"line":28,"column":1}},"line":25},"2":{"name":"validateTransportation","decl":{"start":{"line":32,"column":7},"end":{"line":49,"column":1}},"loc":{"start":{"line":32,"column":7},"end":{"line":49,"column":1}},"line":32},"3":{"name":"validateEnergy","decl":{"start":{"line":53,"column":7},"end":{"line":61,"column":1}},"loc":{"start":{"line":53,"column":7},"end":{"line":61,"column":1}},"line":53},"4":{"name":"validateFood","decl":{"start":{"line":65,"column":7},"end":{"line":76,"column":1}},"loc":{"start":{"line":65,"column":7},"end":{"line":76,"column":1}},"line":65},"5":{"name":"validateShopping","decl":{"start":{"line":80,"column":7},"end":{"line":87,"column":1}},"loc":{"start":{"line":80,"column":7},"end":{"line":87,"column":1}},"line":80},"6":{"name":"validateWaste","decl":{"start":{"line":91,"column":7},"end":{"line":102,"column":1}},"loc":{"start":{"line":91,"column":7},"end":{"line":102,"column":1}},"line":91},"7":{"name":"sanitizeAssessmentData","decl":{"start":{"line":106,"column":7},"end":{"line":115,"column":1}},"loc":{"start":{"line":106,"column":7},"end":{"line":115,"column":1}},"line":106},"8":{"name":"validateNumberField","decl":{"start":{"line":121,"column":7},"end":{"line":132,"column":1}},"loc":{"start":{"line":121,"column":7},"end":{"line":132,"column":1}},"line":121}},"f":{"0":80,"1":33,"2":7,"3":5,"4":4,"5":3,"6":4,"7":2,"8":5}}
}
